<?xml version="1.0" encoding="UTF-8" ?>
<testsuite tests="87" failures="0" name="com.github.davidmoten.rtree.RTreeTest" time="10.227" errors="0" skipped="0">
  <properties>
[...]
</properties>
  <testcase classname="com.github.davidmoten.rtree.RTreeTest" name="testBulkLoadingEmpty" time="0.009"/>
  <testcase classname="com.github.davidmoten.rtree.RTreeTest" name="testSearchOnOneItem" time="0"/>
  <testcase classname="com.github.davidmoten.rtree.RTreeTest" name="testSearchWithDistanceFunctionIntersectsNothing" time="0.004"/>
  <testcase classname="com.github.davidmoten.rtree.RTreeTest" name="testSplitterRStarThrowsExceptionOnEmptyList" time="0"/>
  <testcase classname="com.github.davidmoten.rtree.RTreeTest" name="testIntersectsPointLine" time="0.01"/>
  <testcase classname="com.github.davidmoten.rtree.RTreeTest" name="testDeleteAllIfThereAreMoreThanMaxChildren" time="0"/>
  <testcase classname="com.github.davidmoten.rtree.RTreeTest" name="testSearchOnGreekDataUsingFlatBuffersFactory" time="0"/>
  <testcase classname="com.github.davidmoten.rtree.RTreeTest" name="testNearestToAPoint" time="0"/>
  <testcase classname="com.github.davidmoten.rtree.RTreeTest" name="testInstantiation" time="0"/>
  <testcase classname="com.github.davidmoten.rtree.RTreeTest" name="testSearchWithIntersectsPointFunctionReturnsOne" time="0"/>
  <testcase classname="com.github.davidmoten.rtree.RTreeTest" name="testObservableDeletion" time="0.017"/>
  <testcase classname="com.github.davidmoten.rtree.RTreeTest" name="testNearestSameDirection" time="0"/>
  <testcase classname="com.github.davidmoten.rtree.RTreeTest" name="testBulkLoadingTreeAndStarTreeReturnsSameAsStandardRTree" time="0.458"/>
  <testcase classname="com.github.davidmoten.rtree.RTreeTest" name="testDeleteFromEmptyTree" time="0.001"/>
  <testcase classname="com.github.davidmoten.rtree.RTreeTest" name="testSearchWithCircleFindsCentreOnly" time="0"/>
  <testcase classname="com.github.davidmoten.rtree.RTreeTest" name="testBulkLoadingEntryCount" time="0.036"/>
  <testcase classname="com.github.davidmoten.rtree.RTreeTest" name="testAddOverload" time="0"/>
  <testcase classname="com.github.davidmoten.rtree.RTreeTest" name="testUnsubscribeWhileIteratingNonLeafNode" time="0.001"/>
  <testcase classname="com.github.davidmoten.rtree.RTreeTest" name="testStandardRTreeSearch" time="0.001"/>
  <testcase classname="com.github.davidmoten.rtree.RTreeTest" name="testVisualizer" time="0.54"/>
  <testcase classname="com.github.davidmoten.rtree.RTreeTest" name="calculateAsStringOfEmptyTree" time="0"/>
  <testcase classname="com.github.davidmoten.rtree.RTreeTest" name="testBuilder1" time="0.016"/>
  <testcase classname="com.github.davidmoten.rtree.RTreeTest" name="testBuilder2" time="0.014"/>
  <testcase classname="com.github.davidmoten.rtree.RTreeTest" name="testBuilder3" time="0.015"/>
  <testcase classname="com.github.davidmoten.rtree.RTreeTest" name="testBuilder4" time="0.014"/>
  <testcase classname="com.github.davidmoten.rtree.RTreeTest" name="testDeleteOneFromTreeWithDepthGreaterThanOne" time="0.001"/>
  <testcase classname="com.github.davidmoten.rtree.RTreeTest" name="testDeleteIssue81" time="0"/>
  <testcase classname="com.github.davidmoten.rtree.RTreeTest" name="testDepthWith0" time="0.001"/>
  <testcase classname="com.github.davidmoten.rtree.RTreeTest" name="testSearchWithDistanceFunctionIntersectsMbrAndActualGeometry" time="0"/>
  <testcase classname="com.github.davidmoten.rtree.RTreeTest" name="testPartialDeletion" time="0"/>
  <testcase classname="com.github.davidmoten.rtree.RTreeTest" name="testUnsubscribeWhileIteratingLeafNode" time="0.001"/>
  <testcase classname="com.github.davidmoten.rtree.RTreeTest" name="testSizeIsOneIfTreeHasOneEntry" time="0"/>
  <testcase classname="com.github.davidmoten.rtree.RTreeTest" name="testRTreeRootMbrWhenRTreeNonEmpty" time="0"/>
  <testcase classname="com.github.davidmoten.rtree.RTreeTest" name="testSearchOnOneItemOnBulkLoadingRTree" time="0"/>
  <testcase classname="com.github.davidmoten.rtree.RTreeTest" name="testSearchWithLineFindsAll" time="0.001"/>
  <testcase classname="com.github.davidmoten.rtree.RTreeTest" name="testSearchWithLineFindsOne" time="0"/>
  <testcase classname="com.github.davidmoten.rtree.RTreeTest" name="testUnsubscribe" time="0.019"/>
  <testcase classname="com.github.davidmoten.rtree.RTreeTest" name="testExampleOnReadMe" time="0"/>
  <testcase classname="com.github.davidmoten.rtree.RTreeTest" name="testIterableDeletion" time="0.001"/>
  <testcase classname="com.github.davidmoten.rtree.RTreeTest" name="testSizeAfterDelete" time="0"/>
  <testcase classname="com.github.davidmoten.rtree.RTreeTest" name="testSearchWithLineFindsNone" time="0.001"/>
  <testcase classname="com.github.davidmoten.rtree.RTreeTest" name="testRTreeRootMbrWhenRTreeEmpty" time="0"/>
  <testcase classname="com.github.davidmoten.rtree.RTreeTest" name="calculateDepthOfEmptyTree" time="0"/>
  <testcase classname="com.github.davidmoten.rtree.RTreeTest" name="testDeleteOfEntryThatDoesNotExistFromTreeOfOneEntry" time="0.001"/>
  <testcase classname="com.github.davidmoten.rtree.RTreeTest" name="testNearestHonoursUnsubscribeJustBeforeCompletion" time="0"/>
  <testcase classname="com.github.davidmoten.rtree.RTreeTest" name="testDeleteOnlyDeleteOneIfThereAreMoreThanMaxChildren" time="0"/>
  <testcase classname="com.github.davidmoten.rtree.RTreeTest" name="testBackpressureIterationForUpTo1000Entries" time="0.869"/>
  <testcase classname="com.github.davidmoten.rtree.RTreeTest" name="testSizeIsZeroIfTreeEmpty" time="0"/>
  <testcase classname="com.github.davidmoten.rtree.RTreeTest" name="testSearchWithCircleFindsAll" time="0"/>
  <testcase classname="com.github.davidmoten.rtree.RTreeTest" name="testSearchGreekEarthquakesDouble" time="0.611"/>
  <testcase classname="com.github.davidmoten.rtree.RTreeTest" name="testDeleteItemThatIsNotPresentDoesNothing" time="0"/>
  <testcase classname="com.github.davidmoten.rtree.RTreeTest" name="testContext" time="0"/>
  <testcase classname="com.github.davidmoten.rtree.RTreeTest" name="testNearestReturnsInOrder" time="0"/>
  <testcase classname="com.github.davidmoten.rtree.RTreeTest" name="testBulkLoadingWithOneItemIsNotEmpty" time="0.001"/>
  <testcase classname="com.github.davidmoten.rtree.RTreeTest" name="testFullDeletion" time="0"/>
  <testcase classname="com.github.davidmoten.rtree.RTreeTest" name="testDeleteOneFromLargeTreeThenDeleteAllAndEnsureEmpty" time="0.256"/>
  <testcase classname="com.github.davidmoten.rtree.RTreeTest" name="testDepthWithMaxChildren3Entries10" time="0"/>
  <testcase classname="com.github.davidmoten.rtree.RTreeTest" name="testSearchEmptyTree" time="0"/>
  <testcase classname="com.github.davidmoten.rtree.RTreeTest" name="testDepthWithMaxChildren3Entries1" time="0"/>
  <testcase classname="com.github.davidmoten.rtree.RTreeTest" name="testDepthWithMaxChildren3Entries2" time="0"/>
  <testcase classname="com.github.davidmoten.rtree.RTreeTest" name="testDepthWithMaxChildren3Entries3" time="0"/>
  <testcase classname="com.github.davidmoten.rtree.RTreeTest" name="testDepthWithMaxChildren3Entries4" time="0"/>
  <testcase classname="com.github.davidmoten.rtree.RTreeTest" name="testDepthWithMaxChildren3Entries8" time="0.102"/>
  <testcase classname="com.github.davidmoten.rtree.RTreeTest" name="testSearchWithIntersectsPointFunctionReturnsNone" time="0"/>
  <testcase classname="com.github.davidmoten.rtree.RTreeTest" name="testSearchWithIntersectsRectangleFunction" time="0"/>
  <testcase classname="com.github.davidmoten.rtree.RTreeTest" name="testSizeIsFiveIfTreeHasFiveEntries" time="0.001"/>
  <testcase classname="com.github.davidmoten.rtree.RTreeTest" name="testVisualizerWithGreekData" time="7.075"/>
  <testcase classname="com.github.davidmoten.rtree.RTreeTest" name="testGroupByIssue40" time="0.017"/>
  <testcase classname="com.github.davidmoten.rtree.RTreeTest" name="testDeleteOneFromOne" time="0"/>
  <testcase classname="com.github.davidmoten.rtree.RTreeTest" name="testForMeiZhao" time="0.002"/>
  <testcase classname="com.github.davidmoten.rtree.RTreeTest" name="testDeleteWithGeometry" time="0"/>
  <testcase classname="com.github.davidmoten.rtree.RTreeTest" name="testSearchOfPointWithinDistance" time="0"/>
  <testcase classname="com.github.davidmoten.rtree.RTreeTest" name="testDeleteOverload" time="0"/>
  <testcase classname="com.github.davidmoten.rtree.RTreeTest" name="testBackpressureForOverflow" time="0.001"/>
  <testcase classname="com.github.davidmoten.rtree.RTreeTest" name="testStandardRTreeSearch2" time="0.001"/>
  <testcase classname="com.github.davidmoten.rtree.RTreeTest" name="testNearestDifferentDirections" time="0"/>
  <testcase classname="com.github.davidmoten.rtree.RTreeTest" name="testSearchOfPoint" time="0"/>
  <testcase classname="com.github.davidmoten.rtree.RTreeTest" name="testDeleteIssue81d" time="0"/>
  <testcase classname="com.github.davidmoten.rtree.RTreeTest" name="testDeleteIssue81f" time="0"/>
  <testcase classname="com.github.davidmoten.rtree.RTreeTest" name="testDeletionOfEntryThatDoesNotExistFromNonLeaf" time="0.001"/>
  <testcase classname="com.github.davidmoten.rtree.RTreeTest" name="testTreeWithOneItemIsNotEmpty" time="0"/>
  <testcase classname="com.github.davidmoten.rtree.RTreeTest" name="testVisualizerWithEmptyTree" time="0.023"/>
  <testcase classname="com.github.davidmoten.rtree.RTreeTest" name="testAddObservable" time="0"/>
  <testcase classname="com.github.davidmoten.rtree.RTreeTest" name="testDeletionThatRemovesAllNodesChildren" time="0.001"/>
  <testcase classname="com.github.davidmoten.rtree.RTreeTest" name="testSearchWithDistanceFunctionIntersectsMbrButNotActualGeometry" time="0"/>
  <testcase classname="com.github.davidmoten.rtree.RTreeTest" name="testSearchConditionAlwaysFalse" time="0.001"/>
  <testcase classname="com.github.davidmoten.rtree.RTreeTest" name="testPerformanceAndEntriesCount" time="0.103"/>
</testsuite>